<?xml version="1.0" encoding="UTF-8"?>
<!-- Generated by org.testng.reporters.JUnitReportReporter -->
<testsuite hostname="QT-INBG-LT0810" failures="0" tests="4" name="com.test.TestEndpoints" time="8.610" errors="0" timestamp="2022-11-18T11:09:19 IST" skipped="0">
  <testcase classname="com.test.TestEndpoints" name="testPostUser" time="3.666"/>
  <system-out/>
  <testcase classname="com.test.TestEndpoints" name="testGetUserByName" time="1.154"/>
  <system-out/>
  <testcase classname="com.test.TestEndpoints" name="testUpdateUsernameByName" time="2.426"/>
  <system-out/>
  <testcase classname="com.test.TestEndpoints" name="testDeleteUsernameByName" time="1.364"/>
  <system-out/>
</testsuite> <!-- com.test.TestEndpoints -->
